<<Inputs>>
io_name(time_i) bus(y)([5:0]) vec(y)(6,9,2);
io_name(vl_i) bus(y)([1:0]) vec(y)(12,9);
io_name(q_i) bus(y)([3:0]) vec(y)(12,9,2);
io_name(cpatr_i) bus(y)([3:0]) vec(y)(6,9,2);
io_name(ph_i) bus(y)([12:0]) vec(y)(12,9,2);
io_name(th11_i) bus(y)([6:0]) vec(y)(3,3,4);
io_name(th_i) bus(y)([6:0]) vec(y)(12,9,2);
io_name(phzvl_i) bus(y)([6:0]) vec(y)(12,9);
io_name(ph_hit_i) bus(y)([43:0]) vec(y)(13,9);
io_name(ap_clk) bus(n) vec(n);
io_name(ap_rst) bus(n) vec(n);
<<Outputs>>
io_name(time_o) bus(y)([5:0]) vec(y)(1,6,9,2);
io_name(vl_o) bus(y)([1:0]) vec(y)(1,12,9);
io_name(q_o) bus(y)([3:0]) vec(y)(1,12,9,2);
io_name(cpatr_o) bus(y)([3:0]) vec(y)(1,6,9,2);
io_name(ph_o) bus(y)([12:0]) vec(y)(1,12,9,2);
io_name(th11_o) bus(y)([6:0]) vec(y)(1,3,3,4);
io_name(th_o) bus(y)([6:0]) vec(y)(1,12,9,2);
io_name(phzvl_o) bus(y)([6:0]) vec(y)(1,12,9);
io_name(ph_hit_o) bus(y)([43:0]) vec(y)(1,13,9);
